The system is: Linux - 5.4.0-42-generic - x86_64
Compiling the C compiler identification source file "CMakeCCompilerId.c" succeeded.
Compiler: /usr/bin/cc 
Build flags: 
Id flags:  

The output was:
0


Compilation of the C compiler identification source "CMakeCCompilerId.c" produced "a.out"

The C compiler identification is GNU, found in "/home/ishioka/workspace/ViZDoom/build/CMakeFiles/3.10.2/CompilerIdC/a.out"

Compiling the CXX compiler identification source file "CMakeCXXCompilerId.cpp" succeeded.
Compiler: /usr/bin/c++ 
Build flags: 
Id flags:  

The output was:
0


Compilation of the CXX compiler identification source "CMakeCXXCompilerId.cpp" produced "a.out"

The CXX compiler identification is GNU, found in "/home/ishioka/workspace/ViZDoom/build/CMakeFiles/3.10.2/CompilerIdCXX/a.out"

Determining if the C compiler works passed with the following output:
Change Dir: /home/ishioka/workspace/ViZDoom/build/CMakeFiles/CMakeTmp

Run Build Command:"/usr/bin/make" "cmTC_fd71d/fast"
/usr/bin/make -f CMakeFiles/cmTC_fd71d.dir/build.make CMakeFiles/cmTC_fd71d.dir/build
make[1]: ディレクトリ '/home/ishioka/workspace/ViZDoom/build/CMakeFiles/CMakeTmp' に入ります
Building C object CMakeFiles/cmTC_fd71d.dir/testCCompiler.c.o
/usr/bin/cc    -o CMakeFiles/cmTC_fd71d.dir/testCCompiler.c.o   -c /home/ishioka/workspace/ViZDoom/build/CMakeFiles/CMakeTmp/testCCompiler.c
Linking C executable cmTC_fd71d
/usr/bin/cmake -E cmake_link_script CMakeFiles/cmTC_fd71d.dir/link.txt --verbose=1
/usr/bin/cc      -rdynamic CMakeFiles/cmTC_fd71d.dir/testCCompiler.c.o  -o cmTC_fd71d 
make[1]: ディレクトリ '/home/ishioka/workspace/ViZDoom/build/CMakeFiles/CMakeTmp' から出ます


Detecting C compiler ABI info compiled with the following output:
Change Dir: /home/ishioka/workspace/ViZDoom/build/CMakeFiles/CMakeTmp

Run Build Command:"/usr/bin/make" "cmTC_b85b3/fast"
/usr/bin/make -f CMakeFiles/cmTC_b85b3.dir/build.make CMakeFiles/cmTC_b85b3.dir/build
make[1]: ディレクトリ '/home/ishioka/workspace/ViZDoom/build/CMakeFiles/CMakeTmp' に入ります
Building C object CMakeFiles/cmTC_b85b3.dir/CMakeCCompilerABI.c.o
/usr/bin/cc    -o CMakeFiles/cmTC_b85b3.dir/CMakeCCompilerABI.c.o   -c /usr/share/cmake-3.10/Modules/CMakeCCompilerABI.c
Linking C executable cmTC_b85b3
/usr/bin/cmake -E cmake_link_script CMakeFiles/cmTC_b85b3.dir/link.txt --verbose=1
/usr/bin/cc     -v -rdynamic CMakeFiles/cmTC_b85b3.dir/CMakeCCompilerABI.c.o  -o cmTC_b85b3 
Using built-in specs.
COLLECT_GCC=/usr/bin/cc
COLLECT_LTO_WRAPPER=/usr/lib/gcc/x86_64-linux-gnu/7/lto-wrapper
OFFLOAD_TARGET_NAMES=nvptx-none
OFFLOAD_TARGET_DEFAULT=1
Target: x86_64-linux-gnu
Configured with: ../src/configure -v --with-pkgversion='Ubuntu 7.5.0-3ubuntu1~18.04' --with-bugurl=file:///usr/share/doc/gcc-7/README.Bugs --enable-languages=c,ada,c++,go,brig,d,fortran,objc,obj-c++ --prefix=/usr --with-gcc-major-version-only --program-suffix=-7 --program-prefix=x86_64-linux-gnu- --enable-shared --enable-linker-build-id --libexecdir=/usr/lib --without-included-gettext --enable-threads=posix --libdir=/usr/lib --enable-nls --enable-bootstrap --enable-clocale=gnu --enable-libstdcxx-debug --enable-libstdcxx-time=yes --with-default-libstdcxx-abi=new --enable-gnu-unique-object --disable-vtable-verify --enable-libmpx --enable-plugin --enable-default-pie --with-system-zlib --with-target-system-zlib --enable-objc-gc=auto --enable-multiarch --disable-werror --with-arch-32=i686 --with-abi=m64 --with-multilib-list=m32,m64,mx32 --enable-multilib --with-tune=generic --enable-offload-targets=nvptx-none --without-cuda-driver --enable-checking=release --build=x86_64-linux-gnu --host=x86_64-linux-gnu --target=x86_64-linux-gnu
Thread model: posix
gcc version 7.5.0 (Ubuntu 7.5.0-3ubuntu1~18.04) 
COMPILER_PATH=/usr/lib/gcc/x86_64-linux-gnu/7/:/usr/lib/gcc/x86_64-linux-gnu/7/:/usr/lib/gcc/x86_64-linux-gnu/:/usr/lib/gcc/x86_64-linux-gnu/7/:/usr/lib/gcc/x86_64-linux-gnu/
LIBRARY_PATH=/usr/lib/gcc/x86_64-linux-gnu/7/:/usr/lib/gcc/x86_64-linux-gnu/7/../../../x86_64-linux-gnu/:/usr/lib/gcc/x86_64-linux-gnu/7/../../../../lib/:/lib/x86_64-linux-gnu/:/lib/../lib/:/usr/lib/x86_64-linux-gnu/:/usr/lib/../lib/:/usr/lib/gcc/x86_64-linux-gnu/7/../../../:/lib/:/usr/lib/
COLLECT_GCC_OPTIONS='-v' '-rdynamic' '-o' 'cmTC_b85b3' '-mtune=generic' '-march=x86-64'
 /usr/lib/gcc/x86_64-linux-gnu/7/collect2 -plugin /usr/lib/gcc/x86_64-linux-gnu/7/liblto_plugin.so -plugin-opt=/usr/lib/gcc/x86_64-linux-gnu/7/lto-wrapper -plugin-opt=-fresolution=/tmp/cc6wc5b8.res -plugin-opt=-pass-through=-lgcc -plugin-opt=-pass-through=-lgcc_s -plugin-opt=-pass-through=-lc -plugin-opt=-pass-through=-lgcc -plugin-opt=-pass-through=-lgcc_s --build-id --eh-frame-hdr -m elf_x86_64 --hash-style=gnu --as-needed -export-dynamic -dynamic-linker /lib64/ld-linux-x86-64.so.2 -pie -z now -z relro -o cmTC_b85b3 /usr/lib/gcc/x86_64-linux-gnu/7/../../../x86_64-linux-gnu/Scrt1.o /usr/lib/gcc/x86_64-linux-gnu/7/../../../x86_64-linux-gnu/crti.o /usr/lib/gcc/x86_64-linux-gnu/7/crtbeginS.o -L/usr/lib/gcc/x86_64-linux-gnu/7 -L/usr/lib/gcc/x86_64-linux-gnu/7/../../../x86_64-linux-gnu -L/usr/lib/gcc/x86_64-linux-gnu/7/../../../../lib -L/lib/x86_64-linux-gnu -L/lib/../lib -L/usr/lib/x86_64-linux-gnu -L/usr/lib/../lib -L/usr/lib/gcc/x86_64-linux-gnu/7/../../.. CMakeFiles/cmTC_b85b3.dir/CMakeCCompilerABI.c.o -lgcc --push-state --as-needed -lgcc_s --pop-state -lc -lgcc --push-state --as-needed -lgcc_s --pop-state /usr/lib/gcc/x86_64-linux-gnu/7/crtendS.o /usr/lib/gcc/x86_64-linux-gnu/7/../../../x86_64-linux-gnu/crtn.o
COLLECT_GCC_OPTIONS='-v' '-rdynamic' '-o' 'cmTC_b85b3' '-mtune=generic' '-march=x86-64'
make[1]: ディレクトリ '/home/ishioka/workspace/ViZDoom/build/CMakeFiles/CMakeTmp' から出ます


Parsed C implicit link information from above output:
  link line regex: [^( *|.*[/\])(ld|CMAKE_LINK_STARTFILE-NOTFOUND|([^/\]+-)?ld|collect2)[^/\]*( |$)]
  ignore line: [Change Dir: /home/ishioka/workspace/ViZDoom/build/CMakeFiles/CMakeTmp]
  ignore line: []
  ignore line: [Run Build Command:"/usr/bin/make" "cmTC_b85b3/fast"]
  ignore line: [/usr/bin/make -f CMakeFiles/cmTC_b85b3.dir/build.make CMakeFiles/cmTC_b85b3.dir/build]
  ignore line: [make[1]: ディレクトリ '/home/ishioka/workspace/ViZDoom/build/CMakeFiles/CMakeTmp' に入ります]
  ignore line: [Building C object CMakeFiles/cmTC_b85b3.dir/CMakeCCompilerABI.c.o]
  ignore line: [/usr/bin/cc    -o CMakeFiles/cmTC_b85b3.dir/CMakeCCompilerABI.c.o   -c /usr/share/cmake-3.10/Modules/CMakeCCompilerABI.c]
  ignore line: [Linking C executable cmTC_b85b3]
  ignore line: [/usr/bin/cmake -E cmake_link_script CMakeFiles/cmTC_b85b3.dir/link.txt --verbose=1]
  ignore line: [/usr/bin/cc     -v -rdynamic CMakeFiles/cmTC_b85b3.dir/CMakeCCompilerABI.c.o  -o cmTC_b85b3 ]
  ignore line: [Using built-in specs.]
  ignore line: [COLLECT_GCC=/usr/bin/cc]
  ignore line: [COLLECT_LTO_WRAPPER=/usr/lib/gcc/x86_64-linux-gnu/7/lto-wrapper]
  ignore line: [OFFLOAD_TARGET_NAMES=nvptx-none]
  ignore line: [OFFLOAD_TARGET_DEFAULT=1]
  ignore line: [Target: x86_64-linux-gnu]
  ignore line: [Configured with: ../src/configure -v --with-pkgversion='Ubuntu 7.5.0-3ubuntu1~18.04' --with-bugurl=file:///usr/share/doc/gcc-7/README.Bugs --enable-languages=c,ada,c++,go,brig,d,fortran,objc,obj-c++ --prefix=/usr --with-gcc-major-version-only --program-suffix=-7 --program-prefix=x86_64-linux-gnu- --enable-shared --enable-linker-build-id --libexecdir=/usr/lib --without-included-gettext --enable-threads=posix --libdir=/usr/lib --enable-nls --enable-bootstrap --enable-clocale=gnu --enable-libstdcxx-debug --enable-libstdcxx-time=yes --with-default-libstdcxx-abi=new --enable-gnu-unique-object --disable-vtable-verify --enable-libmpx --enable-plugin --enable-default-pie --with-system-zlib --with-target-system-zlib --enable-objc-gc=auto --enable-multiarch --disable-werror --with-arch-32=i686 --with-abi=m64 --with-multilib-list=m32,m64,mx32 --enable-multilib --with-tune=generic --enable-offload-targets=nvptx-none --without-cuda-driver --enable-checking=release --build=x86_64-linux-gnu --host=x86_64-linux-gnu --target=x86_64-linux-gnu]
  ignore line: [Thread model: posix]
  ignore line: [gcc version 7.5.0 (Ubuntu 7.5.0-3ubuntu1~18.04) ]
  ignore line: [COMPILER_PATH=/usr/lib/gcc/x86_64-linux-gnu/7/:/usr/lib/gcc/x86_64-linux-gnu/7/:/usr/lib/gcc/x86_64-linux-gnu/:/usr/lib/gcc/x86_64-linux-gnu/7/:/usr/lib/gcc/x86_64-linux-gnu/]
  ignore line: [LIBRARY_PATH=/usr/lib/gcc/x86_64-linux-gnu/7/:/usr/lib/gcc/x86_64-linux-gnu/7/../../../x86_64-linux-gnu/:/usr/lib/gcc/x86_64-linux-gnu/7/../../../../lib/:/lib/x86_64-linux-gnu/:/lib/../lib/:/usr/lib/x86_64-linux-gnu/:/usr/lib/../lib/:/usr/lib/gcc/x86_64-linux-gnu/7/../../../:/lib/:/usr/lib/]
  ignore line: [COLLECT_GCC_OPTIONS='-v' '-rdynamic' '-o' 'cmTC_b85b3' '-mtune=generic' '-march=x86-64']
  link line: [ /usr/lib/gcc/x86_64-linux-gnu/7/collect2 -plugin /usr/lib/gcc/x86_64-linux-gnu/7/liblto_plugin.so -plugin-opt=/usr/lib/gcc/x86_64-linux-gnu/7/lto-wrapper -plugin-opt=-fresolution=/tmp/cc6wc5b8.res -plugin-opt=-pass-through=-lgcc -plugin-opt=-pass-through=-lgcc_s -plugin-opt=-pass-through=-lc -plugin-opt=-pass-through=-lgcc -plugin-opt=-pass-through=-lgcc_s --build-id --eh-frame-hdr -m elf_x86_64 --hash-style=gnu --as-needed -export-dynamic -dynamic-linker /lib64/ld-linux-x86-64.so.2 -pie -z now -z relro -o cmTC_b85b3 /usr/lib/gcc/x86_64-linux-gnu/7/../../../x86_64-linux-gnu/Scrt1.o /usr/lib/gcc/x86_64-linux-gnu/7/../../../x86_64-linux-gnu/crti.o /usr/lib/gcc/x86_64-linux-gnu/7/crtbeginS.o -L/usr/lib/gcc/x86_64-linux-gnu/7 -L/usr/lib/gcc/x86_64-linux-gnu/7/../../../x86_64-linux-gnu -L/usr/lib/gcc/x86_64-linux-gnu/7/../../../../lib -L/lib/x86_64-linux-gnu -L/lib/../lib -L/usr/lib/x86_64-linux-gnu -L/usr/lib/../lib -L/usr/lib/gcc/x86_64-linux-gnu/7/../../.. CMakeFiles/cmTC_b85b3.dir/CMakeCCompilerABI.c.o -lgcc --push-state --as-needed -lgcc_s --pop-state -lc -lgcc --push-state --as-needed -lgcc_s --pop-state /usr/lib/gcc/x86_64-linux-gnu/7/crtendS.o /usr/lib/gcc/x86_64-linux-gnu/7/../../../x86_64-linux-gnu/crtn.o]
    arg [/usr/lib/gcc/x86_64-linux-gnu/7/collect2] ==> ignore
    arg [-plugin] ==> ignore
    arg [/usr/lib/gcc/x86_64-linux-gnu/7/liblto_plugin.so] ==> ignore
    arg [-plugin-opt=/usr/lib/gcc/x86_64-linux-gnu/7/lto-wrapper] ==> ignore
    arg [-plugin-opt=-fresolution=/tmp/cc6wc5b8.res] ==> ignore
    arg [-plugin-opt=-pass-through=-lgcc] ==> ignore
    arg [-plugin-opt=-pass-through=-lgcc_s] ==> ignore
    arg [-plugin-opt=-pass-through=-lc] ==> ignore
    arg [-plugin-opt=-pass-through=-lgcc] ==> ignore
    arg [-plugin-opt=-pass-through=-lgcc_s] ==> ignore
    arg [--build-id] ==> ignore
    arg [--eh-frame-hdr] ==> ignore
    arg [-m] ==> ignore
    arg [elf_x86_64] ==> ignore
    arg [--hash-style=gnu] ==> ignore
    arg [--as-needed] ==> ignore
    arg [-export-dynamic] ==> ignore
    arg [-dynamic-linker] ==> ignore
    arg [/lib64/ld-linux-x86-64.so.2] ==> ignore
    arg [-pie] ==> ignore
    arg [-znow] ==> ignore
    arg [-zrelro] ==> ignore
    arg [-o] ==> ignore
    arg [cmTC_b85b3] ==> ignore
    arg [/usr/lib/gcc/x86_64-linux-gnu/7/../../../x86_64-linux-gnu/Scrt1.o] ==> ignore
    arg [/usr/lib/gcc/x86_64-linux-gnu/7/../../../x86_64-linux-gnu/crti.o] ==> ignore
    arg [/usr/lib/gcc/x86_64-linux-gnu/7/crtbeginS.o] ==> ignore
    arg [-L/usr/lib/gcc/x86_64-linux-gnu/7] ==> dir [/usr/lib/gcc/x86_64-linux-gnu/7]
    arg [-L/usr/lib/gcc/x86_64-linux-gnu/7/../../../x86_64-linux-gnu] ==> dir [/usr/lib/gcc/x86_64-linux-gnu/7/../../../x86_64-linux-gnu]
    arg [-L/usr/lib/gcc/x86_64-linux-gnu/7/../../../../lib] ==> dir [/usr/lib/gcc/x86_64-linux-gnu/7/../../../../lib]
    arg [-L/lib/x86_64-linux-gnu] ==> dir [/lib/x86_64-linux-gnu]
    arg [-L/lib/../lib] ==> dir [/lib/../lib]
    arg [-L/usr/lib/x86_64-linux-gnu] ==> dir [/usr/lib/x86_64-linux-gnu]
    arg [-L/usr/lib/../lib] ==> dir [/usr/lib/../lib]
    arg [-L/usr/lib/gcc/x86_64-linux-gnu/7/../../..] ==> dir [/usr/lib/gcc/x86_64-linux-gnu/7/../../..]
    arg [CMakeFiles/cmTC_b85b3.dir/CMakeCCompilerABI.c.o] ==> ignore
    arg [-lgcc] ==> lib [gcc]
    arg [--push-state] ==> ignore
    arg [--as-needed] ==> ignore
    arg [-lgcc_s] ==> lib [gcc_s]
    arg [--pop-state] ==> ignore
    arg [-lc] ==> lib [c]
    arg [-lgcc] ==> lib [gcc]
    arg [--push-state] ==> ignore
    arg [--as-needed] ==> ignore
    arg [-lgcc_s] ==> lib [gcc_s]
    arg [--pop-state] ==> ignore
    arg [/usr/lib/gcc/x86_64-linux-gnu/7/crtendS.o] ==> ignore
    arg [/usr/lib/gcc/x86_64-linux-gnu/7/../../../x86_64-linux-gnu/crtn.o] ==> ignore
  collapse library dir [/usr/lib/gcc/x86_64-linux-gnu/7] ==> [/usr/lib/gcc/x86_64-linux-gnu/7]
  collapse library dir [/usr/lib/gcc/x86_64-linux-gnu/7/../../../x86_64-linux-gnu] ==> [/usr/lib/x86_64-linux-gnu]
  collapse library dir [/usr/lib/gcc/x86_64-linux-gnu/7/../../../../lib] ==> [/usr/lib]
  collapse library dir [/lib/x86_64-linux-gnu] ==> [/lib/x86_64-linux-gnu]
  collapse library dir [/lib/../lib] ==> [/lib]
  collapse library dir [/usr/lib/x86_64-linux-gnu] ==> [/usr/lib/x86_64-linux-gnu]
  collapse library dir [/usr/lib/../lib] ==> [/usr/lib]
  collapse library dir [/usr/lib/gcc/x86_64-linux-gnu/7/../../..] ==> [/usr/lib]
  implicit libs: [gcc;gcc_s;c;gcc;gcc_s]
  implicit dirs: [/usr/lib/gcc/x86_64-linux-gnu/7;/usr/lib/x86_64-linux-gnu;/usr/lib;/lib/x86_64-linux-gnu;/lib]
  implicit fwks: []




Detecting C [-std=c11] compiler features compiled with the following output:
Change Dir: /home/ishioka/workspace/ViZDoom/build/CMakeFiles/CMakeTmp

Run Build Command:"/usr/bin/make" "cmTC_1eefb/fast"
/usr/bin/make -f CMakeFiles/cmTC_1eefb.dir/build.make CMakeFiles/cmTC_1eefb.dir/build
make[1]: ディレクトリ '/home/ishioka/workspace/ViZDoom/build/CMakeFiles/CMakeTmp' に入ります
Building C object CMakeFiles/cmTC_1eefb.dir/feature_tests.c.o
/usr/bin/cc   -std=c11 -o CMakeFiles/cmTC_1eefb.dir/feature_tests.c.o   -c /home/ishioka/workspace/ViZDoom/build/CMakeFiles/feature_tests.c
Linking C executable cmTC_1eefb
/usr/bin/cmake -E cmake_link_script CMakeFiles/cmTC_1eefb.dir/link.txt --verbose=1
/usr/bin/cc      -rdynamic CMakeFiles/cmTC_1eefb.dir/feature_tests.c.o  -o cmTC_1eefb 
make[1]: ディレクトリ '/home/ishioka/workspace/ViZDoom/build/CMakeFiles/CMakeTmp' から出ます


    Feature record: C_FEATURE:1c_function_prototypes
    Feature record: C_FEATURE:1c_restrict
    Feature record: C_FEATURE:1c_static_assert
    Feature record: C_FEATURE:1c_variadic_macros


Detecting C [-std=c99] compiler features compiled with the following output:
Change Dir: /home/ishioka/workspace/ViZDoom/build/CMakeFiles/CMakeTmp

Run Build Command:"/usr/bin/make" "cmTC_ae138/fast"
/usr/bin/make -f CMakeFiles/cmTC_ae138.dir/build.make CMakeFiles/cmTC_ae138.dir/build
make[1]: ディレクトリ '/home/ishioka/workspace/ViZDoom/build/CMakeFiles/CMakeTmp' に入ります
Building C object CMakeFiles/cmTC_ae138.dir/feature_tests.c.o
/usr/bin/cc   -std=c99 -o CMakeFiles/cmTC_ae138.dir/feature_tests.c.o   -c /home/ishioka/workspace/ViZDoom/build/CMakeFiles/feature_tests.c
Linking C executable cmTC_ae138
/usr/bin/cmake -E cmake_link_script CMakeFiles/cmTC_ae138.dir/link.txt --verbose=1
/usr/bin/cc      -rdynamic CMakeFiles/cmTC_ae138.dir/feature_tests.c.o  -o cmTC_ae138 
make[1]: ディレクトリ '/home/ishioka/workspace/ViZDoom/build/CMakeFiles/CMakeTmp' から出ます


    Feature record: C_FEATURE:1c_function_prototypes
    Feature record: C_FEATURE:1c_restrict
    Feature record: C_FEATURE:0c_static_assert
    Feature record: C_FEATURE:1c_variadic_macros


Detecting C [-std=c90] compiler features compiled with the following output:
Change Dir: /home/ishioka/workspace/ViZDoom/build/CMakeFiles/CMakeTmp

Run Build Command:"/usr/bin/make" "cmTC_f5d00/fast"
/usr/bin/make -f CMakeFiles/cmTC_f5d00.dir/build.make CMakeFiles/cmTC_f5d00.dir/build
make[1]: ディレクトリ '/home/ishioka/workspace/ViZDoom/build/CMakeFiles/CMakeTmp' に入ります
Building C object CMakeFiles/cmTC_f5d00.dir/feature_tests.c.o
/usr/bin/cc   -std=c90 -o CMakeFiles/cmTC_f5d00.dir/feature_tests.c.o   -c /home/ishioka/workspace/ViZDoom/build/CMakeFiles/feature_tests.c
Linking C executable cmTC_f5d00
/usr/bin/cmake -E cmake_link_script CMakeFiles/cmTC_f5d00.dir/link.txt --verbose=1
/usr/bin/cc      -rdynamic CMakeFiles/cmTC_f5d00.dir/feature_tests.c.o  -o cmTC_f5d00 
make[1]: ディレクトリ '/home/ishioka/workspace/ViZDoom/build/CMakeFiles/CMakeTmp' から出ます


    Feature record: C_FEATURE:1c_function_prototypes
    Feature record: C_FEATURE:0c_restrict
    Feature record: C_FEATURE:0c_static_assert
    Feature record: C_FEATURE:0c_variadic_macros
Determining if the CXX compiler works passed with the following output:
Change Dir: /home/ishioka/workspace/ViZDoom/build/CMakeFiles/CMakeTmp

Run Build Command:"/usr/bin/make" "cmTC_cb379/fast"
/usr/bin/make -f CMakeFiles/cmTC_cb379.dir/build.make CMakeFiles/cmTC_cb379.dir/build
make[1]: ディレクトリ '/home/ishioka/workspace/ViZDoom/build/CMakeFiles/CMakeTmp' に入ります
Building CXX object CMakeFiles/cmTC_cb379.dir/testCXXCompiler.cxx.o
/usr/bin/c++     -o CMakeFiles/cmTC_cb379.dir/testCXXCompiler.cxx.o -c /home/ishioka/workspace/ViZDoom/build/CMakeFiles/CMakeTmp/testCXXCompiler.cxx
Linking CXX executable cmTC_cb379
/usr/bin/cmake -E cmake_link_script CMakeFiles/cmTC_cb379.dir/link.txt --verbose=1
/usr/bin/c++       -rdynamic CMakeFiles/cmTC_cb379.dir/testCXXCompiler.cxx.o  -o cmTC_cb379 
make[1]: ディレクトリ '/home/ishioka/workspace/ViZDoom/build/CMakeFiles/CMakeTmp' から出ます


Detecting CXX compiler ABI info compiled with the following output:
Change Dir: /home/ishioka/workspace/ViZDoom/build/CMakeFiles/CMakeTmp

Run Build Command:"/usr/bin/make" "cmTC_15d84/fast"
/usr/bin/make -f CMakeFiles/cmTC_15d84.dir/build.make CMakeFiles/cmTC_15d84.dir/build
make[1]: ディレクトリ '/home/ishioka/workspace/ViZDoom/build/CMakeFiles/CMakeTmp' に入ります
Building CXX object CMakeFiles/cmTC_15d84.dir/CMakeCXXCompilerABI.cpp.o
/usr/bin/c++     -o CMakeFiles/cmTC_15d84.dir/CMakeCXXCompilerABI.cpp.o -c /usr/share/cmake-3.10/Modules/CMakeCXXCompilerABI.cpp
Linking CXX executable cmTC_15d84
/usr/bin/cmake -E cmake_link_script CMakeFiles/cmTC_15d84.dir/link.txt --verbose=1
/usr/bin/c++      -v -rdynamic CMakeFiles/cmTC_15d84.dir/CMakeCXXCompilerABI.cpp.o  -o cmTC_15d84 
Using built-in specs.
COLLECT_GCC=/usr/bin/c++
COLLECT_LTO_WRAPPER=/usr/lib/gcc/x86_64-linux-gnu/7/lto-wrapper
OFFLOAD_TARGET_NAMES=nvptx-none
OFFLOAD_TARGET_DEFAULT=1
Target: x86_64-linux-gnu
Configured with: ../src/configure -v --with-pkgversion='Ubuntu 7.5.0-3ubuntu1~18.04' --with-bugurl=file:///usr/share/doc/gcc-7/README.Bugs --enable-languages=c,ada,c++,go,brig,d,fortran,objc,obj-c++ --prefix=/usr --with-gcc-major-version-only --program-suffix=-7 --program-prefix=x86_64-linux-gnu- --enable-shared --enable-linker-build-id --libexecdir=/usr/lib --without-included-gettext --enable-threads=posix --libdir=/usr/lib --enable-nls --enable-bootstrap --enable-clocale=gnu --enable-libstdcxx-debug --enable-libstdcxx-time=yes --with-default-libstdcxx-abi=new --enable-gnu-unique-object --disable-vtable-verify --enable-libmpx --enable-plugin --enable-default-pie --with-system-zlib --with-target-system-zlib --enable-objc-gc=auto --enable-multiarch --disable-werror --with-arch-32=i686 --with-abi=m64 --with-multilib-list=m32,m64,mx32 --enable-multilib --with-tune=generic --enable-offload-targets=nvptx-none --without-cuda-driver --enable-checking=release --build=x86_64-linux-gnu --host=x86_64-linux-gnu --target=x86_64-linux-gnu
Thread model: posix
gcc version 7.5.0 (Ubuntu 7.5.0-3ubuntu1~18.04) 
COMPILER_PATH=/usr/lib/gcc/x86_64-linux-gnu/7/:/usr/lib/gcc/x86_64-linux-gnu/7/:/usr/lib/gcc/x86_64-linux-gnu/:/usr/lib/gcc/x86_64-linux-gnu/7/:/usr/lib/gcc/x86_64-linux-gnu/
LIBRARY_PATH=/usr/lib/gcc/x86_64-linux-gnu/7/:/usr/lib/gcc/x86_64-linux-gnu/7/../../../x86_64-linux-gnu/:/usr/lib/gcc/x86_64-linux-gnu/7/../../../../lib/:/lib/x86_64-linux-gnu/:/lib/../lib/:/usr/lib/x86_64-linux-gnu/:/usr/lib/../lib/:/usr/lib/gcc/x86_64-linux-gnu/7/../../../:/lib/:/usr/lib/
COLLECT_GCC_OPTIONS='-v' '-rdynamic' '-o' 'cmTC_15d84' '-shared-libgcc' '-mtune=generic' '-march=x86-64'
 /usr/lib/gcc/x86_64-linux-gnu/7/collect2 -plugin /usr/lib/gcc/x86_64-linux-gnu/7/liblto_plugin.so -plugin-opt=/usr/lib/gcc/x86_64-linux-gnu/7/lto-wrapper -plugin-opt=-fresolution=/tmp/ccDgSy1N.res -plugin-opt=-pass-through=-lgcc_s -plugin-opt=-pass-through=-lgcc -plugin-opt=-pass-through=-lc -plugin-opt=-pass-through=-lgcc_s -plugin-opt=-pass-through=-lgcc --build-id --eh-frame-hdr -m elf_x86_64 --hash-style=gnu --as-needed -export-dynamic -dynamic-linker /lib64/ld-linux-x86-64.so.2 -pie -z now -z relro -o cmTC_15d84 /usr/lib/gcc/x86_64-linux-gnu/7/../../../x86_64-linux-gnu/Scrt1.o /usr/lib/gcc/x86_64-linux-gnu/7/../../../x86_64-linux-gnu/crti.o /usr/lib/gcc/x86_64-linux-gnu/7/crtbeginS.o -L/usr/lib/gcc/x86_64-linux-gnu/7 -L/usr/lib/gcc/x86_64-linux-gnu/7/../../../x86_64-linux-gnu -L/usr/lib/gcc/x86_64-linux-gnu/7/../../../../lib -L/lib/x86_64-linux-gnu -L/lib/../lib -L/usr/lib/x86_64-linux-gnu -L/usr/lib/../lib -L/usr/lib/gcc/x86_64-linux-gnu/7/../../.. CMakeFiles/cmTC_15d84.dir/CMakeCXXCompilerABI.cpp.o -lstdc++ -lm -lgcc_s -lgcc -lc -lgcc_s -lgcc /usr/lib/gcc/x86_64-linux-gnu/7/crtendS.o /usr/lib/gcc/x86_64-linux-gnu/7/../../../x86_64-linux-gnu/crtn.o
COLLECT_GCC_OPTIONS='-v' '-rdynamic' '-o' 'cmTC_15d84' '-shared-libgcc' '-mtune=generic' '-march=x86-64'
make[1]: ディレクトリ '/home/ishioka/workspace/ViZDoom/build/CMakeFiles/CMakeTmp' から出ます


Parsed CXX implicit link information from above output:
  link line regex: [^( *|.*[/\])(ld|CMAKE_LINK_STARTFILE-NOTFOUND|([^/\]+-)?ld|collect2)[^/\]*( |$)]
  ignore line: [Change Dir: /home/ishioka/workspace/ViZDoom/build/CMakeFiles/CMakeTmp]
  ignore line: []
  ignore line: [Run Build Command:"/usr/bin/make" "cmTC_15d84/fast"]
  ignore line: [/usr/bin/make -f CMakeFiles/cmTC_15d84.dir/build.make CMakeFiles/cmTC_15d84.dir/build]
  ignore line: [make[1]: ディレクトリ '/home/ishioka/workspace/ViZDoom/build/CMakeFiles/CMakeTmp' に入ります]
  ignore line: [Building CXX object CMakeFiles/cmTC_15d84.dir/CMakeCXXCompilerABI.cpp.o]
  ignore line: [/usr/bin/c++     -o CMakeFiles/cmTC_15d84.dir/CMakeCXXCompilerABI.cpp.o -c /usr/share/cmake-3.10/Modules/CMakeCXXCompilerABI.cpp]
  ignore line: [Linking CXX executable cmTC_15d84]
  ignore line: [/usr/bin/cmake -E cmake_link_script CMakeFiles/cmTC_15d84.dir/link.txt --verbose=1]
  ignore line: [/usr/bin/c++      -v -rdynamic CMakeFiles/cmTC_15d84.dir/CMakeCXXCompilerABI.cpp.o  -o cmTC_15d84 ]
  ignore line: [Using built-in specs.]
  ignore line: [COLLECT_GCC=/usr/bin/c++]
  ignore line: [COLLECT_LTO_WRAPPER=/usr/lib/gcc/x86_64-linux-gnu/7/lto-wrapper]
  ignore line: [OFFLOAD_TARGET_NAMES=nvptx-none]
  ignore line: [OFFLOAD_TARGET_DEFAULT=1]
  ignore line: [Target: x86_64-linux-gnu]
  ignore line: [Configured with: ../src/configure -v --with-pkgversion='Ubuntu 7.5.0-3ubuntu1~18.04' --with-bugurl=file:///usr/share/doc/gcc-7/README.Bugs --enable-languages=c,ada,c++,go,brig,d,fortran,objc,obj-c++ --prefix=/usr --with-gcc-major-version-only --program-suffix=-7 --program-prefix=x86_64-linux-gnu- --enable-shared --enable-linker-build-id --libexecdir=/usr/lib --without-included-gettext --enable-threads=posix --libdir=/usr/lib --enable-nls --enable-bootstrap --enable-clocale=gnu --enable-libstdcxx-debug --enable-libstdcxx-time=yes --with-default-libstdcxx-abi=new --enable-gnu-unique-object --disable-vtable-verify --enable-libmpx --enable-plugin --enable-default-pie --with-system-zlib --with-target-system-zlib --enable-objc-gc=auto --enable-multiarch --disable-werror --with-arch-32=i686 --with-abi=m64 --with-multilib-list=m32,m64,mx32 --enable-multilib --with-tune=generic --enable-offload-targets=nvptx-none --without-cuda-driver --enable-checking=release --build=x86_64-linux-gnu --host=x86_64-linux-gnu --target=x86_64-linux-gnu]
  ignore line: [Thread model: posix]
  ignore line: [gcc version 7.5.0 (Ubuntu 7.5.0-3ubuntu1~18.04) ]
  ignore line: [COMPILER_PATH=/usr/lib/gcc/x86_64-linux-gnu/7/:/usr/lib/gcc/x86_64-linux-gnu/7/:/usr/lib/gcc/x86_64-linux-gnu/:/usr/lib/gcc/x86_64-linux-gnu/7/:/usr/lib/gcc/x86_64-linux-gnu/]
  ignore line: [LIBRARY_PATH=/usr/lib/gcc/x86_64-linux-gnu/7/:/usr/lib/gcc/x86_64-linux-gnu/7/../../../x86_64-linux-gnu/:/usr/lib/gcc/x86_64-linux-gnu/7/../../../../lib/:/lib/x86_64-linux-gnu/:/lib/../lib/:/usr/lib/x86_64-linux-gnu/:/usr/lib/../lib/:/usr/lib/gcc/x86_64-linux-gnu/7/../../../:/lib/:/usr/lib/]
  ignore line: [COLLECT_GCC_OPTIONS='-v' '-rdynamic' '-o' 'cmTC_15d84' '-shared-libgcc' '-mtune=generic' '-march=x86-64']
  link line: [ /usr/lib/gcc/x86_64-linux-gnu/7/collect2 -plugin /usr/lib/gcc/x86_64-linux-gnu/7/liblto_plugin.so -plugin-opt=/usr/lib/gcc/x86_64-linux-gnu/7/lto-wrapper -plugin-opt=-fresolution=/tmp/ccDgSy1N.res -plugin-opt=-pass-through=-lgcc_s -plugin-opt=-pass-through=-lgcc -plugin-opt=-pass-through=-lc -plugin-opt=-pass-through=-lgcc_s -plugin-opt=-pass-through=-lgcc --build-id --eh-frame-hdr -m elf_x86_64 --hash-style=gnu --as-needed -export-dynamic -dynamic-linker /lib64/ld-linux-x86-64.so.2 -pie -z now -z relro -o cmTC_15d84 /usr/lib/gcc/x86_64-linux-gnu/7/../../../x86_64-linux-gnu/Scrt1.o /usr/lib/gcc/x86_64-linux-gnu/7/../../../x86_64-linux-gnu/crti.o /usr/lib/gcc/x86_64-linux-gnu/7/crtbeginS.o -L/usr/lib/gcc/x86_64-linux-gnu/7 -L/usr/lib/gcc/x86_64-linux-gnu/7/../../../x86_64-linux-gnu -L/usr/lib/gcc/x86_64-linux-gnu/7/../../../../lib -L/lib/x86_64-linux-gnu -L/lib/../lib -L/usr/lib/x86_64-linux-gnu -L/usr/lib/../lib -L/usr/lib/gcc/x86_64-linux-gnu/7/../../.. CMakeFiles/cmTC_15d84.dir/CMakeCXXCompilerABI.cpp.o -lstdc++ -lm -lgcc_s -lgcc -lc -lgcc_s -lgcc /usr/lib/gcc/x86_64-linux-gnu/7/crtendS.o /usr/lib/gcc/x86_64-linux-gnu/7/../../../x86_64-linux-gnu/crtn.o]
    arg [/usr/lib/gcc/x86_64-linux-gnu/7/collect2] ==> ignore
    arg [-plugin] ==> ignore
    arg [/usr/lib/gcc/x86_64-linux-gnu/7/liblto_plugin.so] ==> ignore
    arg [-plugin-opt=/usr/lib/gcc/x86_64-linux-gnu/7/lto-wrapper] ==> ignore
    arg [-plugin-opt=-fresolution=/tmp/ccDgSy1N.res] ==> ignore
    arg [-plugin-opt=-pass-through=-lgcc_s] ==> ignore
    arg [-plugin-opt=-pass-through=-lgcc] ==> ignore
    arg [-plugin-opt=-pass-through=-lc] ==> ignore
    arg [-plugin-opt=-pass-through=-lgcc_s] ==> ignore
    arg [-plugin-opt=-pass-through=-lgcc] ==> ignore
    arg [--build-id] ==> ignore
    arg [--eh-frame-hdr] ==> ignore
    arg [-m] ==> ignore
    arg [elf_x86_64] ==> ignore
    arg [--hash-style=gnu] ==> ignore
    arg [--as-needed] ==> ignore
    arg [-export-dynamic] ==> ignore
    arg [-dynamic-linker] ==> ignore
    arg [/lib64/ld-linux-x86-64.so.2] ==> ignore
    arg [-pie] ==> ignore
    arg [-znow] ==> ignore
    arg [-zrelro] ==> ignore
    arg [-o] ==> ignore
    arg [cmTC_15d84] ==> ignore
    arg [/usr/lib/gcc/x86_64-linux-gnu/7/../../../x86_64-linux-gnu/Scrt1.o] ==> ignore
    arg [/usr/lib/gcc/x86_64-linux-gnu/7/../../../x86_64-linux-gnu/crti.o] ==> ignore
    arg [/usr/lib/gcc/x86_64-linux-gnu/7/crtbeginS.o] ==> ignore
    arg [-L/usr/lib/gcc/x86_64-linux-gnu/7] ==> dir [/usr/lib/gcc/x86_64-linux-gnu/7]
    arg [-L/usr/lib/gcc/x86_64-linux-gnu/7/../../../x86_64-linux-gnu] ==> dir [/usr/lib/gcc/x86_64-linux-gnu/7/../../../x86_64-linux-gnu]
    arg [-L/usr/lib/gcc/x86_64-linux-gnu/7/../../../../lib] ==> dir [/usr/lib/gcc/x86_64-linux-gnu/7/../../../../lib]
    arg [-L/lib/x86_64-linux-gnu] ==> dir [/lib/x86_64-linux-gnu]
    arg [-L/lib/../lib] ==> dir [/lib/../lib]
    arg [-L/usr/lib/x86_64-linux-gnu] ==> dir [/usr/lib/x86_64-linux-gnu]
    arg [-L/usr/lib/../lib] ==> dir [/usr/lib/../lib]
    arg [-L/usr/lib/gcc/x86_64-linux-gnu/7/../../..] ==> dir [/usr/lib/gcc/x86_64-linux-gnu/7/../../..]
    arg [CMakeFiles/cmTC_15d84.dir/CMakeCXXCompilerABI.cpp.o] ==> ignore
    arg [-lstdc++] ==> lib [stdc++]
    arg [-lm] ==> lib [m]
    arg [-lgcc_s] ==> lib [gcc_s]
    arg [-lgcc] ==> lib [gcc]
    arg [-lc] ==> lib [c]
    arg [-lgcc_s] ==> lib [gcc_s]
    arg [-lgcc] ==> lib [gcc]
    arg [/usr/lib/gcc/x86_64-linux-gnu/7/crtendS.o] ==> ignore
    arg [/usr/lib/gcc/x86_64-linux-gnu/7/../../../x86_64-linux-gnu/crtn.o] ==> ignore
  collapse library dir [/usr/lib/gcc/x86_64-linux-gnu/7] ==> [/usr/lib/gcc/x86_64-linux-gnu/7]
  collapse library dir [/usr/lib/gcc/x86_64-linux-gnu/7/../../../x86_64-linux-gnu] ==> [/usr/lib/x86_64-linux-gnu]
  collapse library dir [/usr/lib/gcc/x86_64-linux-gnu/7/../../../../lib] ==> [/usr/lib]
  collapse library dir [/lib/x86_64-linux-gnu] ==> [/lib/x86_64-linux-gnu]
  collapse library dir [/lib/../lib] ==> [/lib]
  collapse library dir [/usr/lib/x86_64-linux-gnu] ==> [/usr/lib/x86_64-linux-gnu]
  collapse library dir [/usr/lib/../lib] ==> [/usr/lib]
  collapse library dir [/usr/lib/gcc/x86_64-linux-gnu/7/../../..] ==> [/usr/lib]
  implicit libs: [stdc++;m;gcc_s;gcc;c;gcc_s;gcc]
  implicit dirs: [/usr/lib/gcc/x86_64-linux-gnu/7;/usr/lib/x86_64-linux-gnu;/usr/lib;/lib/x86_64-linux-gnu;/lib]
  implicit fwks: []




Detecting CXX [-std=c++1z] compiler features compiled with the following output:
Change Dir: /home/ishioka/workspace/ViZDoom/build/CMakeFiles/CMakeTmp

Run Build Command:"/usr/bin/make" "cmTC_ec1de/fast"
/usr/bin/make -f CMakeFiles/cmTC_ec1de.dir/build.make CMakeFiles/cmTC_ec1de.dir/build
make[1]: ディレクトリ '/home/ishioka/workspace/ViZDoom/build/CMakeFiles/CMakeTmp' に入ります
Building CXX object CMakeFiles/cmTC_ec1de.dir/feature_tests.cxx.o
/usr/bin/c++    -std=c++1z -o CMakeFiles/cmTC_ec1de.dir/feature_tests.cxx.o -c /home/ishioka/workspace/ViZDoom/build/CMakeFiles/feature_tests.cxx
Linking CXX executable cmTC_ec1de
/usr/bin/cmake -E cmake_link_script CMakeFiles/cmTC_ec1de.dir/link.txt --verbose=1
/usr/bin/c++       -rdynamic CMakeFiles/cmTC_ec1de.dir/feature_tests.cxx.o  -o cmTC_ec1de 
make[1]: ディレクトリ '/home/ishioka/workspace/ViZDoom/build/CMakeFiles/CMakeTmp' から出ます


    Feature record: CXX_FEATURE:1cxx_aggregate_default_initializers
    Feature record: CXX_FEATURE:1cxx_alias_templates
    Feature record: CXX_FEATURE:1cxx_alignas
    Feature record: CXX_FEATURE:1cxx_alignof
    Feature record: CXX_FEATURE:1cxx_attributes
    Feature record: CXX_FEATURE:1cxx_attribute_deprecated
    Feature record: CXX_FEATURE:1cxx_auto_type
    Feature record: CXX_FEATURE:1cxx_binary_literals
    Feature record: CXX_FEATURE:1cxx_constexpr
    Feature record: CXX_FEATURE:1cxx_contextual_conversions
    Feature record: CXX_FEATURE:1cxx_decltype
    Feature record: CXX_FEATURE:1cxx_decltype_auto
    Feature record: CXX_FEATURE:1cxx_decltype_incomplete_return_types
    Feature record: CXX_FEATURE:1cxx_default_function_template_args
    Feature record: CXX_FEATURE:1cxx_defaulted_functions
    Feature record: CXX_FEATURE:1cxx_defaulted_move_initializers
    Feature record: CXX_FEATURE:1cxx_delegating_constructors
    Feature record: CXX_FEATURE:1cxx_deleted_functions
    Feature record: CXX_FEATURE:1cxx_digit_separators
    Feature record: CXX_FEATURE:1cxx_enum_forward_declarations
    Feature record: CXX_FEATURE:1cxx_explicit_conversions
    Feature record: CXX_FEATURE:1cxx_extended_friend_declarations
    Feature record: CXX_FEATURE:1cxx_extern_templates
    Feature record: CXX_FEATURE:1cxx_final
    Feature record: CXX_FEATURE:1cxx_func_identifier
    Feature record: CXX_FEATURE:1cxx_generalized_initializers
    Feature record: CXX_FEATURE:1cxx_generic_lambdas
    Feature record: CXX_FEATURE:1cxx_inheriting_constructors
    Feature record: CXX_FEATURE:1cxx_inline_namespaces
    Feature record: CXX_FEATURE:1cxx_lambdas
    Feature record: CXX_FEATURE:1cxx_lambda_init_captures
    Feature record: CXX_FEATURE:1cxx_local_type_template_args
    Feature record: CXX_FEATURE:1cxx_long_long_type
    Feature record: CXX_FEATURE:1cxx_noexcept
    Feature record: CXX_FEATURE:1cxx_nonstatic_member_init
    Feature record: CXX_FEATURE:1cxx_nullptr
    Feature record: CXX_FEATURE:1cxx_override
    Feature record: CXX_FEATURE:1cxx_range_for
    Feature record: CXX_FEATURE:1cxx_raw_string_literals
    Feature record: CXX_FEATURE:1cxx_reference_qualified_functions
    Feature record: CXX_FEATURE:1cxx_relaxed_constexpr
    Feature record: CXX_FEATURE:1cxx_return_type_deduction
    Feature record: CXX_FEATURE:1cxx_right_angle_brackets
    Feature record: CXX_FEATURE:1cxx_rvalue_references
    Feature record: CXX_FEATURE:1cxx_sizeof_member
    Feature record: CXX_FEATURE:1cxx_static_assert
    Feature record: CXX_FEATURE:1cxx_strong_enums
    Feature record: CXX_FEATURE:1cxx_template_template_parameters
    Feature record: CXX_FEATURE:1cxx_thread_local
    Feature record: CXX_FEATURE:1cxx_trailing_return_types
    Feature record: CXX_FEATURE:1cxx_unicode_literals
    Feature record: CXX_FEATURE:1cxx_uniform_initialization
    Feature record: CXX_FEATURE:1cxx_unrestricted_unions
    Feature record: CXX_FEATURE:1cxx_user_literals
    Feature record: CXX_FEATURE:1cxx_variable_templates
    Feature record: CXX_FEATURE:1cxx_variadic_macros
    Feature record: CXX_FEATURE:1cxx_variadic_templates


Detecting CXX [-std=c++14] compiler features compiled with the following output:
Change Dir: /home/ishioka/workspace/ViZDoom/build/CMakeFiles/CMakeTmp

Run Build Command:"/usr/bin/make" "cmTC_1262b/fast"
/usr/bin/make -f CMakeFiles/cmTC_1262b.dir/build.make CMakeFiles/cmTC_1262b.dir/build
make[1]: ディレクトリ '/home/ishioka/workspace/ViZDoom/build/CMakeFiles/CMakeTmp' に入ります
Building CXX object CMakeFiles/cmTC_1262b.dir/feature_tests.cxx.o
/usr/bin/c++    -std=c++14 -o CMakeFiles/cmTC_1262b.dir/feature_tests.cxx.o -c /home/ishioka/workspace/ViZDoom/build/CMakeFiles/feature_tests.cxx
Linking CXX executable cmTC_1262b
/usr/bin/cmake -E cmake_link_script CMakeFiles/cmTC_1262b.dir/link.txt --verbose=1
/usr/bin/c++       -rdynamic CMakeFiles/cmTC_1262b.dir/feature_tests.cxx.o  -o cmTC_1262b 
make[1]: ディレクトリ '/home/ishioka/workspace/ViZDoom/build/CMakeFiles/CMakeTmp' から出ます


    Feature record: CXX_FEATURE:1cxx_aggregate_default_initializers
    Feature record: CXX_FEATURE:1cxx_alias_templates
    Feature record: CXX_FEATURE:1cxx_alignas
    Feature record: CXX_FEATURE:1cxx_alignof
    Feature record: CXX_FEATURE:1cxx_attributes
    Feature record: CXX_FEATURE:1cxx_attribute_deprecated
    Feature record: CXX_FEATURE:1cxx_auto_type
    Feature record: CXX_FEATURE:1cxx_binary_literals
    Feature record: CXX_FEATURE:1cxx_constexpr
    Feature record: CXX_FEATURE:1cxx_contextual_conversions
    Feature record: CXX_FEATURE:1cxx_decltype
    Feature record: CXX_FEATURE:1cxx_decltype_auto
    Feature record: CXX_FEATURE:1cxx_decltype_incomplete_return_types
    Feature record: CXX_FEATURE:1cxx_default_function_template_args
    Feature record: CXX_FEATURE:1cxx_defaulted_functions
    Feature record: CXX_FEATURE:1cxx_defaulted_move_initializers
    Feature record: CXX_FEATURE:1cxx_delegating_constructors
    Feature record: CXX_FEATURE:1cxx_deleted_functions
    Feature record: CXX_FEATURE:1cxx_digit_separators
    Feature record: CXX_FEATURE:1cxx_enum_forward_declarations
    Feature record: CXX_FEATURE:1cxx_explicit_conversions
    Feature record: CXX_FEATURE:1cxx_extended_friend_declarations
    Feature record: CXX_FEATURE:1cxx_extern_templates
    Feature record: CXX_FEATURE:1cxx_final
    Feature record: CXX_FEATURE:1cxx_func_identifier
    Feature record: CXX_FEATURE:1cxx_generalized_initializers
    Feature record: CXX_FEATURE:1cxx_generic_lambdas
    Feature record: CXX_FEATURE:1cxx_inheriting_constructors
    Feature record: CXX_FEATURE:1cxx_inline_namespaces
    Feature record: CXX_FEATURE:1cxx_lambdas
    Feature record: CXX_FEATURE:1cxx_lambda_init_captures
    Feature record: CXX_FEATURE:1cxx_local_type_template_args
    Feature record: CXX_FEATURE:1cxx_long_long_type
    Feature record: CXX_FEATURE:1cxx_noexcept
    Feature record: CXX_FEATURE:1cxx_nonstatic_member_init
    Feature record: CXX_FEATURE:1cxx_nullptr
    Feature record: CXX_FEATURE:1cxx_override
    Feature record: CXX_FEATURE:1cxx_range_for
    Feature record: CXX_FEATURE:1cxx_raw_string_literals
    Feature record: CXX_FEATURE:1cxx_reference_qualified_functions
    Feature record: CXX_FEATURE:1cxx_relaxed_constexpr
    Feature record: CXX_FEATURE:1cxx_return_type_deduction
    Feature record: CXX_FEATURE:1cxx_right_angle_brackets
    Feature record: CXX_FEATURE:1cxx_rvalue_references
    Feature record: CXX_FEATURE:1cxx_sizeof_member
    Feature record: CXX_FEATURE:1cxx_static_assert
    Feature record: CXX_FEATURE:1cxx_strong_enums
    Feature record: CXX_FEATURE:1cxx_template_template_parameters
    Feature record: CXX_FEATURE:1cxx_thread_local
    Feature record: CXX_FEATURE:1cxx_trailing_return_types
    Feature record: CXX_FEATURE:1cxx_unicode_literals
    Feature record: CXX_FEATURE:1cxx_uniform_initialization
    Feature record: CXX_FEATURE:1cxx_unrestricted_unions
    Feature record: CXX_FEATURE:1cxx_user_literals
    Feature record: CXX_FEATURE:1cxx_variable_templates
    Feature record: CXX_FEATURE:1cxx_variadic_macros
    Feature record: CXX_FEATURE:1cxx_variadic_templates


Detecting CXX [-std=c++11] compiler features compiled with the following output:
Change Dir: /home/ishioka/workspace/ViZDoom/build/CMakeFiles/CMakeTmp

Run Build Command:"/usr/bin/make" "cmTC_8e075/fast"
/usr/bin/make -f CMakeFiles/cmTC_8e075.dir/build.make CMakeFiles/cmTC_8e075.dir/build
make[1]: ディレクトリ '/home/ishioka/workspace/ViZDoom/build/CMakeFiles/CMakeTmp' に入ります
Building CXX object CMakeFiles/cmTC_8e075.dir/feature_tests.cxx.o
/usr/bin/c++    -std=c++11 -o CMakeFiles/cmTC_8e075.dir/feature_tests.cxx.o -c /home/ishioka/workspace/ViZDoom/build/CMakeFiles/feature_tests.cxx
Linking CXX executable cmTC_8e075
/usr/bin/cmake -E cmake_link_script CMakeFiles/cmTC_8e075.dir/link.txt --verbose=1
/usr/bin/c++       -rdynamic CMakeFiles/cmTC_8e075.dir/feature_tests.cxx.o  -o cmTC_8e075 
make[1]: ディレクトリ '/home/ishioka/workspace/ViZDoom/build/CMakeFiles/CMakeTmp' から出ます


    Feature record: CXX_FEATURE:0cxx_aggregate_default_initializers
    Feature record: CXX_FEATURE:1cxx_alias_templates
    Feature record: CXX_FEATURE:1cxx_alignas
    Feature record: CXX_FEATURE:1cxx_alignof
    Feature record: CXX_FEATURE:1cxx_attributes
    Feature record: CXX_FEATURE:0cxx_attribute_deprecated
    Feature record: CXX_FEATURE:1cxx_auto_type
    Feature record: CXX_FEATURE:0cxx_binary_literals
    Feature record: CXX_FEATURE:1cxx_constexpr
    Feature record: CXX_FEATURE:0cxx_contextual_conversions
    Feature record: CXX_FEATURE:1cxx_decltype
    Feature record: CXX_FEATURE:0cxx_decltype_auto
    Feature record: CXX_FEATURE:1cxx_decltype_incomplete_return_types
    Feature record: CXX_FEATURE:1cxx_default_function_template_args
    Feature record: CXX_FEATURE:1cxx_defaulted_functions
    Feature record: CXX_FEATURE:1cxx_defaulted_move_initializers
    Feature record: CXX_FEATURE:1cxx_delegating_constructors
    Feature record: CXX_FEATURE:1cxx_deleted_functions
    Feature record: CXX_FEATURE:0cxx_digit_separators
    Feature record: CXX_FEATURE:1cxx_enum_forward_declarations
    Feature record: CXX_FEATURE:1cxx_explicit_conversions
    Feature record: CXX_FEATURE:1cxx_extended_friend_declarations
    Feature record: CXX_FEATURE:1cxx_extern_templates
    Feature record: CXX_FEATURE:1cxx_final
    Feature record: CXX_FEATURE:1cxx_func_identifier
    Feature record: CXX_FEATURE:1cxx_generalized_initializers
    Feature record: CXX_FEATURE:0cxx_generic_lambdas
    Feature record: CXX_FEATURE:1cxx_inheriting_constructors
    Feature record: CXX_FEATURE:1cxx_inline_namespaces
    Feature record: CXX_FEATURE:1cxx_lambdas
    Feature record: CXX_FEATURE:0cxx_lambda_init_captures
    Feature record: CXX_FEATURE:1cxx_local_type_template_args
    Feature record: CXX_FEATURE:1cxx_long_long_type
    Feature record: CXX_FEATURE:1cxx_noexcept
    Feature record: CXX_FEATURE:1cxx_nonstatic_member_init
    Feature record: CXX_FEATURE:1cxx_nullptr
    Feature record: CXX_FEATURE:1cxx_override
    Feature record: CXX_FEATURE:1cxx_range_for
    Feature record: CXX_FEATURE:1cxx_raw_string_literals
    Feature record: CXX_FEATURE:1cxx_reference_qualified_functions
    Feature record: CXX_FEATURE:0cxx_relaxed_constexpr
    Feature record: CXX_FEATURE:0cxx_return_type_deduction
    Feature record: CXX_FEATURE:1cxx_right_angle_brackets
    Feature record: CXX_FEATURE:1cxx_rvalue_references
    Feature record: CXX_FEATURE:1cxx_sizeof_member
    Feature record: CXX_FEATURE:1cxx_static_assert
    Feature record: CXX_FEATURE:1cxx_strong_enums
    Feature record: CXX_FEATURE:1cxx_template_template_parameters
    Feature record: CXX_FEATURE:1cxx_thread_local
    Feature record: CXX_FEATURE:1cxx_trailing_return_types
    Feature record: CXX_FEATURE:1cxx_unicode_literals
    Feature record: CXX_FEATURE:1cxx_uniform_initialization
    Feature record: CXX_FEATURE:1cxx_unrestricted_unions
    Feature record: CXX_FEATURE:1cxx_user_literals
    Feature record: CXX_FEATURE:0cxx_variable_templates
    Feature record: CXX_FEATURE:1cxx_variadic_macros
    Feature record: CXX_FEATURE:1cxx_variadic_templates


Detecting CXX [-std=c++98] compiler features compiled with the following output:
Change Dir: /home/ishioka/workspace/ViZDoom/build/CMakeFiles/CMakeTmp

Run Build Command:"/usr/bin/make" "cmTC_0808d/fast"
/usr/bin/make -f CMakeFiles/cmTC_0808d.dir/build.make CMakeFiles/cmTC_0808d.dir/build
make[1]: ディレクトリ '/home/ishioka/workspace/ViZDoom/build/CMakeFiles/CMakeTmp' に入ります
Building CXX object CMakeFiles/cmTC_0808d.dir/feature_tests.cxx.o
/usr/bin/c++    -std=c++98 -o CMakeFiles/cmTC_0808d.dir/feature_tests.cxx.o -c /home/ishioka/workspace/ViZDoom/build/CMakeFiles/feature_tests.cxx
Linking CXX executable cmTC_0808d
/usr/bin/cmake -E cmake_link_script CMakeFiles/cmTC_0808d.dir/link.txt --verbose=1
/usr/bin/c++       -rdynamic CMakeFiles/cmTC_0808d.dir/feature_tests.cxx.o  -o cmTC_0808d 
make[1]: ディレクトリ '/home/ishioka/workspace/ViZDoom/build/CMakeFiles/CMakeTmp' から出ます


    Feature record: CXX_FEATURE:0cxx_aggregate_default_initializers
    Feature record: CXX_FEATURE:0cxx_alias_templates
    Feature record: CXX_FEATURE:0cxx_alignas
    Feature record: CXX_FEATURE:0cxx_alignof
    Feature record: CXX_FEATURE:0cxx_attributes
    Feature record: CXX_FEATURE:0cxx_attribute_deprecated
    Feature record: CXX_FEATURE:0cxx_auto_type
    Feature record: CXX_FEATURE:0cxx_binary_literals
    Feature record: CXX_FEATURE:0cxx_constexpr
    Feature record: CXX_FEATURE:0cxx_contextual_conversions
    Feature record: CXX_FEATURE:0cxx_decltype
    Feature record: CXX_FEATURE:0cxx_decltype_auto
    Feature record: CXX_FEATURE:0cxx_decltype_incomplete_return_types
    Feature record: CXX_FEATURE:0cxx_default_function_template_args
    Feature record: CXX_FEATURE:0cxx_defaulted_functions
    Feature record: CXX_FEATURE:0cxx_defaulted_move_initializers
    Feature record: CXX_FEATURE:0cxx_delegating_constructors
    Feature record: CXX_FEATURE:0cxx_deleted_functions
    Feature record: CXX_FEATURE:0cxx_digit_separators
    Feature record: CXX_FEATURE:0cxx_enum_forward_declarations
    Feature record: CXX_FEATURE:0cxx_explicit_conversions
    Feature record: CXX_FEATURE:0cxx_extended_friend_declarations
    Feature record: CXX_FEATURE:0cxx_extern_templates
    Feature record: CXX_FEATURE:0cxx_final
    Feature record: CXX_FEATURE:0cxx_func_identifier
    Feature record: CXX_FEATURE:0cxx_generalized_initializers
    Feature record: CXX_FEATURE:0cxx_generic_lambdas
    Feature record: CXX_FEATURE:0cxx_inheriting_constructors
    Feature record: CXX_FEATURE:0cxx_inline_namespaces
    Feature record: CXX_FEATURE:0cxx_lambdas
    Feature record: CXX_FEATURE:0cxx_lambda_init_captures
    Feature record: CXX_FEATURE:0cxx_local_type_template_args
    Feature record: CXX_FEATURE:0cxx_long_long_type
    Feature record: CXX_FEATURE:0cxx_noexcept
    Feature record: CXX_FEATURE:0cxx_nonstatic_member_init
    Feature record: CXX_FEATURE:0cxx_nullptr
    Feature record: CXX_FEATURE:0cxx_override
    Feature record: CXX_FEATURE:0cxx_range_for
    Feature record: CXX_FEATURE:0cxx_raw_string_literals
    Feature record: CXX_FEATURE:0cxx_reference_qualified_functions
    Feature record: CXX_FEATURE:0cxx_relaxed_constexpr
    Feature record: CXX_FEATURE:0cxx_return_type_deduction
    Feature record: CXX_FEATURE:0cxx_right_angle_brackets
    Feature record: CXX_FEATURE:0cxx_rvalue_references
    Feature record: CXX_FEATURE:0cxx_sizeof_member
    Feature record: CXX_FEATURE:0cxx_static_assert
    Feature record: CXX_FEATURE:0cxx_strong_enums
    Feature record: CXX_FEATURE:1cxx_template_template_parameters
    Feature record: CXX_FEATURE:0cxx_thread_local
    Feature record: CXX_FEATURE:0cxx_trailing_return_types
    Feature record: CXX_FEATURE:0cxx_unicode_literals
    Feature record: CXX_FEATURE:0cxx_uniform_initialization
    Feature record: CXX_FEATURE:0cxx_unrestricted_unions
    Feature record: CXX_FEATURE:0cxx_user_literals
    Feature record: CXX_FEATURE:0cxx_variable_templates
    Feature record: CXX_FEATURE:0cxx_variadic_macros
    Feature record: CXX_FEATURE:0cxx_variadic_templates
Determining if the include file pthread.h exists passed with the following output:
Change Dir: /home/ishioka/workspace/ViZDoom/build/CMakeFiles/CMakeTmp

Run Build Command:"/usr/bin/make" "cmTC_9716e/fast"
/usr/bin/make -f CMakeFiles/cmTC_9716e.dir/build.make CMakeFiles/cmTC_9716e.dir/build
make[1]: ディレクトリ '/home/ishioka/workspace/ViZDoom/build/CMakeFiles/CMakeTmp' に入ります
Building C object CMakeFiles/cmTC_9716e.dir/CheckIncludeFile.c.o
/usr/bin/cc    -o CMakeFiles/cmTC_9716e.dir/CheckIncludeFile.c.o   -c /home/ishioka/workspace/ViZDoom/build/CMakeFiles/CMakeTmp/CheckIncludeFile.c
Linking C executable cmTC_9716e
/usr/bin/cmake -E cmake_link_script CMakeFiles/cmTC_9716e.dir/link.txt --verbose=1
/usr/bin/cc      -rdynamic CMakeFiles/cmTC_9716e.dir/CheckIncludeFile.c.o  -o cmTC_9716e 
make[1]: ディレクトリ '/home/ishioka/workspace/ViZDoom/build/CMakeFiles/CMakeTmp' から出ます


Determining if the function pthread_create exists in the pthread passed with the following output:
Change Dir: /home/ishioka/workspace/ViZDoom/build/CMakeFiles/CMakeTmp

Run Build Command:"/usr/bin/make" "cmTC_7de23/fast"
/usr/bin/make -f CMakeFiles/cmTC_7de23.dir/build.make CMakeFiles/cmTC_7de23.dir/build
make[1]: ディレクトリ '/home/ishioka/workspace/ViZDoom/build/CMakeFiles/CMakeTmp' に入ります
Building C object CMakeFiles/cmTC_7de23.dir/CheckFunctionExists.c.o
/usr/bin/cc   -DCHECK_FUNCTION_EXISTS=pthread_create   -o CMakeFiles/cmTC_7de23.dir/CheckFunctionExists.c.o   -c /usr/share/cmake-3.10/Modules/CheckFunctionExists.c
Linking C executable cmTC_7de23
/usr/bin/cmake -E cmake_link_script CMakeFiles/cmTC_7de23.dir/link.txt --verbose=1
/usr/bin/cc  -DCHECK_FUNCTION_EXISTS=pthread_create    -rdynamic CMakeFiles/cmTC_7de23.dir/CheckFunctionExists.c.o  -o cmTC_7de23 -lpthread 
make[1]: ディレクトリ '/home/ishioka/workspace/ViZDoom/build/CMakeFiles/CMakeTmp' から出ます


Determining if the BZ2_bzCompressInit exist passed with the following output:
Change Dir: /home/ishioka/workspace/ViZDoom/build/CMakeFiles/CMakeTmp

Run Build Command:"/usr/bin/make" "cmTC_ebf86/fast"
/usr/bin/make -f CMakeFiles/cmTC_ebf86.dir/build.make CMakeFiles/cmTC_ebf86.dir/build
make[1]: ディレクトリ '/home/ishioka/workspace/ViZDoom/build/CMakeFiles/CMakeTmp' に入ります
Building C object CMakeFiles/cmTC_ebf86.dir/CheckSymbolExists.c.o
/usr/bin/cc    -o CMakeFiles/cmTC_ebf86.dir/CheckSymbolExists.c.o   -c /home/ishioka/workspace/ViZDoom/build/CMakeFiles/CMakeTmp/CheckSymbolExists.c
Linking C executable cmTC_ebf86
/usr/bin/cmake -E cmake_link_script CMakeFiles/cmTC_ebf86.dir/link.txt --verbose=1
/usr/bin/cc      -rdynamic CMakeFiles/cmTC_ebf86.dir/CheckSymbolExists.c.o  -o cmTC_ebf86 /usr/lib/x86_64-linux-gnu/libbz2.so 
make[1]: ディレクトリ '/home/ishioka/workspace/ViZDoom/build/CMakeFiles/CMakeTmp' から出ます

File /home/ishioka/workspace/ViZDoom/build/CMakeFiles/CMakeTmp/CheckSymbolExists.c:
/* */
#include <bzlib.h>

int main(int argc, char** argv)
{
  (void)argv;
#ifndef BZ2_bzCompressInit
  return ((int*)(&BZ2_bzCompressInit))[argc];
#else
  (void)argc;
  return 0;
#endif
}

Performing C++ SOURCE FILE Test HAVE_NO_ARRAY_BOUNDS succeeded with the following output:
Change Dir: /home/ishioka/workspace/ViZDoom/build/CMakeFiles/CMakeTmp

Run Build Command:"/usr/bin/make" "cmTC_cc797/fast"
/usr/bin/make -f CMakeFiles/cmTC_cc797.dir/build.make CMakeFiles/cmTC_cc797.dir/build
make[1]: Entering directory '/home/ishioka/workspace/ViZDoom/build/CMakeFiles/CMakeTmp'
Building CXX object CMakeFiles/cmTC_cc797.dir/src.cxx.o
/usr/bin/c++    -std=c++11  -Wall -Wextra -fomit-frame-pointer -DHAVE_NO_ARRAY_BOUNDS   -Wno-array-bounds -o CMakeFiles/cmTC_cc797.dir/src.cxx.o -c /home/ishioka/workspace/ViZDoom/build/CMakeFiles/CMakeTmp/src.cxx
Linking CXX executable cmTC_cc797
/usr/bin/cmake -E cmake_link_script CMakeFiles/cmTC_cc797.dir/link.txt --verbose=1
/usr/bin/c++   -std=c++11  -Wall -Wextra -fomit-frame-pointer -DHAVE_NO_ARRAY_BOUNDS    -rdynamic CMakeFiles/cmTC_cc797.dir/src.cxx.o  -o cmTC_cc797 
make[1]: Leaving directory '/home/ishioka/workspace/ViZDoom/build/CMakeFiles/CMakeTmp'

Source file was:
int main() { return 0; }
Performing C++ SOURCE FILE Test __LIBGME_TEST_VISIBILITY succeeded with the following output:
Change Dir: /home/ishioka/workspace/ViZDoom/build/CMakeFiles/CMakeTmp

Run Build Command:"/usr/bin/make" "cmTC_acddb/fast"
/usr/bin/make -f CMakeFiles/cmTC_acddb.dir/build.make CMakeFiles/cmTC_acddb.dir/build
make[1]: Entering directory '/home/ishioka/workspace/ViZDoom/build/CMakeFiles/CMakeTmp'
Building CXX object CMakeFiles/cmTC_acddb.dir/src.cxx.o
/usr/bin/c++    -std=c++11  -Wall -Wextra -fomit-frame-pointer -Wno-array-bounds -D__LIBGME_TEST_VISIBILITY   -fvisibility=hidden -o CMakeFiles/cmTC_acddb.dir/src.cxx.o -c /home/ishioka/workspace/ViZDoom/build/CMakeFiles/CMakeTmp/src.cxx
Linking CXX executable cmTC_acddb
/usr/bin/cmake -E cmake_link_script CMakeFiles/cmTC_acddb.dir/link.txt --verbose=1
/usr/bin/c++   -std=c++11  -Wall -Wextra -fomit-frame-pointer -Wno-array-bounds -D__LIBGME_TEST_VISIBILITY    -rdynamic CMakeFiles/cmTC_acddb.dir/src.cxx.o  -o cmTC_acddb 
make[1]: Leaving directory '/home/ishioka/workspace/ViZDoom/build/CMakeFiles/CMakeTmp'

Source file was:
int main() { return 0; }
Determining if the function strdup exists passed with the following output:
Change Dir: /home/ishioka/workspace/ViZDoom/build/CMakeFiles/CMakeTmp

Run Build Command:"/usr/bin/make" "cmTC_5c502/fast"
/usr/bin/make -f CMakeFiles/cmTC_5c502.dir/build.make CMakeFiles/cmTC_5c502.dir/build
make[1]: ディレクトリ '/home/ishioka/workspace/ViZDoom/build/CMakeFiles/CMakeTmp' に入ります
Building C object CMakeFiles/cmTC_5c502.dir/CheckFunctionExists.c.o
/usr/bin/cc   -DCHECK_FUNCTION_EXISTS=strdup   -o CMakeFiles/cmTC_5c502.dir/CheckFunctionExists.c.o   -c /usr/share/cmake-3.10/Modules/CheckFunctionExists.c
<command-line>:0:23: warning: conflicting types for built-in function ‘strdup’ [-Wbuiltin-declaration-mismatch]
/usr/share/cmake-3.10/Modules/CheckFunctionExists.c:7:3: note: in expansion of macro ‘CHECK_FUNCTION_EXISTS’
   CHECK_FUNCTION_EXISTS(void);
   ^~~~~~~~~~~~~~~~~~~~~
Linking C executable cmTC_5c502
/usr/bin/cmake -E cmake_link_script CMakeFiles/cmTC_5c502.dir/link.txt --verbose=1
/usr/bin/cc   -DCHECK_FUNCTION_EXISTS=strdup    -rdynamic CMakeFiles/cmTC_5c502.dir/CheckFunctionExists.c.o  -o cmTC_5c502 
make[1]: ディレクトリ '/home/ishioka/workspace/ViZDoom/build/CMakeFiles/CMakeTmp' から出ます


Determining if the function strndup exists passed with the following output:
Change Dir: /home/ishioka/workspace/ViZDoom/build/CMakeFiles/CMakeTmp

Run Build Command:"/usr/bin/make" "cmTC_4b8f4/fast"
/usr/bin/make -f CMakeFiles/cmTC_4b8f4.dir/build.make CMakeFiles/cmTC_4b8f4.dir/build
make[1]: ディレクトリ '/home/ishioka/workspace/ViZDoom/build/CMakeFiles/CMakeTmp' に入ります
Building C object CMakeFiles/cmTC_4b8f4.dir/CheckFunctionExists.c.o
/usr/bin/cc   -DCHECK_FUNCTION_EXISTS=strndup   -o CMakeFiles/cmTC_4b8f4.dir/CheckFunctionExists.c.o   -c /usr/share/cmake-3.10/Modules/CheckFunctionExists.c
<command-line>:0:23: warning: conflicting types for built-in function ‘strndup’ [-Wbuiltin-declaration-mismatch]
/usr/share/cmake-3.10/Modules/CheckFunctionExists.c:7:3: note: in expansion of macro ‘CHECK_FUNCTION_EXISTS’
   CHECK_FUNCTION_EXISTS(void);
   ^~~~~~~~~~~~~~~~~~~~~
Linking C executable cmTC_4b8f4
/usr/bin/cmake -E cmake_link_script CMakeFiles/cmTC_4b8f4.dir/link.txt --verbose=1
/usr/bin/cc   -DCHECK_FUNCTION_EXISTS=strndup    -rdynamic CMakeFiles/cmTC_4b8f4.dir/CheckFunctionExists.c.o  -o cmTC_4b8f4 
make[1]: ディレクトリ '/home/ishioka/workspace/ViZDoom/build/CMakeFiles/CMakeTmp' から出ます


Determining if the include file sys/types.h exists passed with the following output:
Change Dir: /home/ishioka/workspace/ViZDoom/build/CMakeFiles/CMakeTmp

Run Build Command:"/usr/bin/make" "cmTC_854cb/fast"
/usr/bin/make -f CMakeFiles/cmTC_854cb.dir/build.make CMakeFiles/cmTC_854cb.dir/build
make[1]: ディレクトリ '/home/ishioka/workspace/ViZDoom/build/CMakeFiles/CMakeTmp' に入ります
Building C object CMakeFiles/cmTC_854cb.dir/CheckIncludeFile.c.o
/usr/bin/cc    -o CMakeFiles/cmTC_854cb.dir/CheckIncludeFile.c.o   -c /home/ishioka/workspace/ViZDoom/build/CMakeFiles/CMakeTmp/CheckIncludeFile.c
Linking C executable cmTC_854cb
/usr/bin/cmake -E cmake_link_script CMakeFiles/cmTC_854cb.dir/link.txt --verbose=1
/usr/bin/cc       -rdynamic CMakeFiles/cmTC_854cb.dir/CheckIncludeFile.c.o  -o cmTC_854cb 
make[1]: ディレクトリ '/home/ishioka/workspace/ViZDoom/build/CMakeFiles/CMakeTmp' から出ます


Determining if the include file stdint.h exists passed with the following output:
Change Dir: /home/ishioka/workspace/ViZDoom/build/CMakeFiles/CMakeTmp

Run Build Command:"/usr/bin/make" "cmTC_04d39/fast"
/usr/bin/make -f CMakeFiles/cmTC_04d39.dir/build.make CMakeFiles/cmTC_04d39.dir/build
make[1]: ディレクトリ '/home/ishioka/workspace/ViZDoom/build/CMakeFiles/CMakeTmp' に入ります
Building C object CMakeFiles/cmTC_04d39.dir/CheckIncludeFile.c.o
/usr/bin/cc    -o CMakeFiles/cmTC_04d39.dir/CheckIncludeFile.c.o   -c /home/ishioka/workspace/ViZDoom/build/CMakeFiles/CMakeTmp/CheckIncludeFile.c
Linking C executable cmTC_04d39
/usr/bin/cmake -E cmake_link_script CMakeFiles/cmTC_04d39.dir/link.txt --verbose=1
/usr/bin/cc       -rdynamic CMakeFiles/cmTC_04d39.dir/CheckIncludeFile.c.o  -o cmTC_04d39 
make[1]: ディレクトリ '/home/ishioka/workspace/ViZDoom/build/CMakeFiles/CMakeTmp' から出ます


Determining if the include file stddef.h exists passed with the following output:
Change Dir: /home/ishioka/workspace/ViZDoom/build/CMakeFiles/CMakeTmp

Run Build Command:"/usr/bin/make" "cmTC_fcff8/fast"
/usr/bin/make -f CMakeFiles/cmTC_fcff8.dir/build.make CMakeFiles/cmTC_fcff8.dir/build
make[1]: ディレクトリ '/home/ishioka/workspace/ViZDoom/build/CMakeFiles/CMakeTmp' に入ります
Building C object CMakeFiles/cmTC_fcff8.dir/CheckIncludeFile.c.o
/usr/bin/cc    -o CMakeFiles/cmTC_fcff8.dir/CheckIncludeFile.c.o   -c /home/ishioka/workspace/ViZDoom/build/CMakeFiles/CMakeTmp/CheckIncludeFile.c
Linking C executable cmTC_fcff8
/usr/bin/cmake -E cmake_link_script CMakeFiles/cmTC_fcff8.dir/link.txt --verbose=1
/usr/bin/cc       -rdynamic CMakeFiles/cmTC_fcff8.dir/CheckIncludeFile.c.o  -o cmTC_fcff8 
make[1]: ディレクトリ '/home/ishioka/workspace/ViZDoom/build/CMakeFiles/CMakeTmp' から出ます


Determining size of char passed with the following output:
Change Dir: /home/ishioka/workspace/ViZDoom/build/CMakeFiles/CMakeTmp

Run Build Command:"/usr/bin/make" "cmTC_5163e/fast"
/usr/bin/make -f CMakeFiles/cmTC_5163e.dir/build.make CMakeFiles/cmTC_5163e.dir/build
make[1]: ディレクトリ '/home/ishioka/workspace/ViZDoom/build/CMakeFiles/CMakeTmp' に入ります
Building C object CMakeFiles/cmTC_5163e.dir/SIZEOF_CHAR.c.o
/usr/bin/cc    -o CMakeFiles/cmTC_5163e.dir/SIZEOF_CHAR.c.o   -c /home/ishioka/workspace/ViZDoom/build/CMakeFiles/CheckTypeSize/SIZEOF_CHAR.c
Linking C executable cmTC_5163e
/usr/bin/cmake -E cmake_link_script CMakeFiles/cmTC_5163e.dir/link.txt --verbose=1
/usr/bin/cc       -rdynamic CMakeFiles/cmTC_5163e.dir/SIZEOF_CHAR.c.o  -o cmTC_5163e 
make[1]: ディレクトリ '/home/ishioka/workspace/ViZDoom/build/CMakeFiles/CMakeTmp' から出ます


Determining size of short passed with the following output:
Change Dir: /home/ishioka/workspace/ViZDoom/build/CMakeFiles/CMakeTmp

Run Build Command:"/usr/bin/make" "cmTC_3ef68/fast"
/usr/bin/make -f CMakeFiles/cmTC_3ef68.dir/build.make CMakeFiles/cmTC_3ef68.dir/build
make[1]: ディレクトリ '/home/ishioka/workspace/ViZDoom/build/CMakeFiles/CMakeTmp' に入ります
Building C object CMakeFiles/cmTC_3ef68.dir/SIZEOF_SHORT.c.o
/usr/bin/cc    -o CMakeFiles/cmTC_3ef68.dir/SIZEOF_SHORT.c.o   -c /home/ishioka/workspace/ViZDoom/build/CMakeFiles/CheckTypeSize/SIZEOF_SHORT.c
Linking C executable cmTC_3ef68
/usr/bin/cmake -E cmake_link_script CMakeFiles/cmTC_3ef68.dir/link.txt --verbose=1
/usr/bin/cc       -rdynamic CMakeFiles/cmTC_3ef68.dir/SIZEOF_SHORT.c.o  -o cmTC_3ef68 
make[1]: ディレクトリ '/home/ishioka/workspace/ViZDoom/build/CMakeFiles/CMakeTmp' から出ます


Determining size of int passed with the following output:
Change Dir: /home/ishioka/workspace/ViZDoom/build/CMakeFiles/CMakeTmp

Run Build Command:"/usr/bin/make" "cmTC_ebbe5/fast"
/usr/bin/make -f CMakeFiles/cmTC_ebbe5.dir/build.make CMakeFiles/cmTC_ebbe5.dir/build
make[1]: ディレクトリ '/home/ishioka/workspace/ViZDoom/build/CMakeFiles/CMakeTmp' に入ります
Building C object CMakeFiles/cmTC_ebbe5.dir/SIZEOF_INT.c.o
/usr/bin/cc    -o CMakeFiles/cmTC_ebbe5.dir/SIZEOF_INT.c.o   -c /home/ishioka/workspace/ViZDoom/build/CMakeFiles/CheckTypeSize/SIZEOF_INT.c
Linking C executable cmTC_ebbe5
/usr/bin/cmake -E cmake_link_script CMakeFiles/cmTC_ebbe5.dir/link.txt --verbose=1
/usr/bin/cc       -rdynamic CMakeFiles/cmTC_ebbe5.dir/SIZEOF_INT.c.o  -o cmTC_ebbe5 
make[1]: ディレクトリ '/home/ishioka/workspace/ViZDoom/build/CMakeFiles/CMakeTmp' から出ます


Determining size of long passed with the following output:
Change Dir: /home/ishioka/workspace/ViZDoom/build/CMakeFiles/CMakeTmp

Run Build Command:"/usr/bin/make" "cmTC_1cc52/fast"
/usr/bin/make -f CMakeFiles/cmTC_1cc52.dir/build.make CMakeFiles/cmTC_1cc52.dir/build
make[1]: ディレクトリ '/home/ishioka/workspace/ViZDoom/build/CMakeFiles/CMakeTmp' に入ります
Building C object CMakeFiles/cmTC_1cc52.dir/SIZEOF_LONG.c.o
/usr/bin/cc    -o CMakeFiles/cmTC_1cc52.dir/SIZEOF_LONG.c.o   -c /home/ishioka/workspace/ViZDoom/build/CMakeFiles/CheckTypeSize/SIZEOF_LONG.c
Linking C executable cmTC_1cc52
/usr/bin/cmake -E cmake_link_script CMakeFiles/cmTC_1cc52.dir/link.txt --verbose=1
/usr/bin/cc       -rdynamic CMakeFiles/cmTC_1cc52.dir/SIZEOF_LONG.c.o  -o cmTC_1cc52 
make[1]: ディレクトリ '/home/ishioka/workspace/ViZDoom/build/CMakeFiles/CMakeTmp' から出ます


Performing C++ SOURCE FILE Test DUMB_CAN_USE_SSE succeeded with the following output:
Change Dir: /home/ishioka/workspace/ViZDoom/build/CMakeFiles/CMakeTmp

Run Build Command:"/usr/bin/make" "cmTC_7634a/fast"
/usr/bin/make -f CMakeFiles/cmTC_7634a.dir/build.make CMakeFiles/cmTC_7634a.dir/build
make[1]: Entering directory '/home/ishioka/workspace/ViZDoom/build/CMakeFiles/CMakeTmp'
Building CXX object CMakeFiles/cmTC_7634a.dir/src.cxx.o
/usr/bin/c++    -std=c++11  -DDUMB_CAN_USE_SSE   -msse -o CMakeFiles/cmTC_7634a.dir/src.cxx.o -c /home/ishioka/workspace/ViZDoom/build/CMakeFiles/CMakeTmp/src.cxx
Linking CXX executable cmTC_7634a
/usr/bin/cmake -E cmake_link_script CMakeFiles/cmTC_7634a.dir/link.txt --verbose=1
/usr/bin/c++   -std=c++11  -DDUMB_CAN_USE_SSE    -rdynamic CMakeFiles/cmTC_7634a.dir/src.cxx.o  -o cmTC_7634a 
make[1]: Leaving directory '/home/ishioka/workspace/ViZDoom/build/CMakeFiles/CMakeTmp'

Source file was:
int main() { return 0; }
Determining if the function clock_gettime exists in the rt passed with the following output:
Change Dir: /home/ishioka/workspace/ViZDoom/build/CMakeFiles/CMakeTmp

Run Build Command:"/usr/bin/make" "cmTC_7875d/fast"
/usr/bin/make -f CMakeFiles/cmTC_7875d.dir/build.make CMakeFiles/cmTC_7875d.dir/build
make[1]: ディレクトリ '/home/ishioka/workspace/ViZDoom/build/CMakeFiles/CMakeTmp' に入ります
Building C object CMakeFiles/cmTC_7875d.dir/CheckFunctionExists.c.o
/usr/bin/cc   -Wall -Wextra -Wno-unused -Wno-unused-parameter -Wno-missing-field-initializers -Wno-unused-result   -DCHECK_FUNCTION_EXISTS=clock_gettime   -o CMakeFiles/cmTC_7875d.dir/CheckFunctionExists.c.o   -c /usr/share/cmake-3.10/Modules/CheckFunctionExists.c
Linking C executable cmTC_7875d
/usr/bin/cmake -E cmake_link_script CMakeFiles/cmTC_7875d.dir/link.txt --verbose=1
/usr/bin/cc -Wall -Wextra -Wno-unused -Wno-unused-parameter -Wno-missing-field-initializers -Wno-unused-result   -DCHECK_FUNCTION_EXISTS=clock_gettime    -rdynamic CMakeFiles/cmTC_7875d.dir/CheckFunctionExists.c.o  -o cmTC_7875d -lrt 
make[1]: ディレクトリ '/home/ishioka/workspace/ViZDoom/build/CMakeFiles/CMakeTmp' から出ます


Performing C++ SOURCE FILE Test HAS_VA_COPY succeeded with the following output:
Change Dir: /home/ishioka/workspace/ViZDoom/build/CMakeFiles/CMakeTmp

Run Build Command:"/usr/bin/make" "cmTC_8c711/fast"
/usr/bin/make -f CMakeFiles/cmTC_8c711.dir/build.make CMakeFiles/cmTC_8c711.dir/build
make[1]: ディレクトリ '/home/ishioka/workspace/ViZDoom/build/CMakeFiles/CMakeTmp' に入ります
Building CXX object CMakeFiles/cmTC_8c711.dir/src.cxx.o
/usr/bin/c++    -Wall -Wextra -Wno-unused -Wno-unused-parameter -Wno-missing-field-initializers -Wno-unused-result  -std=c++11  -DHAS_VA_COPY   -o CMakeFiles/cmTC_8c711.dir/src.cxx.o -c /home/ishioka/workspace/ViZDoom/build/CMakeFiles/CMakeTmp/src.cxx
Linking CXX executable cmTC_8c711
/usr/bin/cmake -E cmake_link_script CMakeFiles/cmTC_8c711.dir/link.txt --verbose=1
/usr/bin/c++  -Wall -Wextra -Wno-unused -Wno-unused-parameter -Wno-missing-field-initializers -Wno-unused-result  -std=c++11  -DHAS_VA_COPY    -rdynamic CMakeFiles/cmTC_8c711.dir/src.cxx.o  -o cmTC_8c711 
make[1]: ディレクトリ '/home/ishioka/workspace/ViZDoom/build/CMakeFiles/CMakeTmp' から出ます

Source file was:
#include <stdarg.h>
	int main() { va_list list1, list2; va_copy(list1, list2); return 0; }
